<?xml version="1.0" encoding="UTF-8"?>
<testsuite name="com.hyunho.springboot.web.IndexControllerTest" tests="1" skipped="0" failures="0" errors="0" timestamp="2023-02-06T04:16:33" hostname="DESKTOP-KE9KIUK" time="0.176">
  <properties/>
  <testcase name="메인페이지_로딩" classname="com.hyunho.springboot.web.IndexControllerTest" time="0.176"/>
  <system-out><![CDATA[2023-02-06 13:16:31.346  INFO 19216 --- [    Test worker] .b.t.c.SpringBootTestContextBootstrapper : Neither @ContextConfiguration nor @ContextHierarchy found for test class [com.hyunho.springboot.web.IndexControllerTest], using SpringBootContextLoader
2023-02-06 13:16:31.346  INFO 19216 --- [    Test worker] o.s.t.c.support.AbstractContextLoader    : Could not detect default resource locations for test class [com.hyunho.springboot.web.IndexControllerTest]: no resource found for suffixes {-context.xml, Context.groovy}.
2023-02-06 13:16:31.346  INFO 19216 --- [    Test worker] t.c.s.AnnotationConfigContextLoaderUtils : Could not detect default configuration classes for test class [com.hyunho.springboot.web.IndexControllerTest]: IndexControllerTest does not declare any static, non-private, non-final, nested classes annotated with @Configuration.
2023-02-06 13:16:31.348  INFO 19216 --- [    Test worker] .b.t.c.SpringBootTestContextBootstrapper : Found @SpringBootConfiguration com.hyunho.springboot.Application for test class com.hyunho.springboot.web.IndexControllerTest
2023-02-06 13:16:31.349  INFO 19216 --- [    Test worker] .b.t.c.SpringBootTestContextBootstrapper : Loaded default TestExecutionListener class names from location [META-INF/spring.factories]: [org.springframework.security.test.context.support.WithSecurityContextTestExecutionListener, org.springframework.security.test.context.support.ReactorContextTestExecutionListener, org.springframework.boot.test.autoconfigure.restdocs.RestDocsTestExecutionListener, org.springframework.boot.test.autoconfigure.web.client.MockRestServiceServerResetTestExecutionListener, org.springframework.boot.test.autoconfigure.web.servlet.MockMvcPrintOnlyOnFailureTestExecutionListener, org.springframework.boot.test.autoconfigure.web.servlet.WebDriverTestExecutionListener, org.springframework.boot.test.mock.mockito.MockitoTestExecutionListener, org.springframework.boot.test.mock.mockito.ResetMocksTestExecutionListener, org.springframework.test.context.web.ServletTestExecutionListener, org.springframework.test.context.support.DirtiesContextBeforeModesTestExecutionListener, org.springframework.test.context.support.DependencyInjectionTestExecutionListener, org.springframework.test.context.support.DirtiesContextTestExecutionListener, org.springframework.test.context.transaction.TransactionalTestExecutionListener, org.springframework.test.context.jdbc.SqlScriptsTestExecutionListener]
2023-02-06 13:16:31.352  INFO 19216 --- [    Test worker] .b.t.c.SpringBootTestContextBootstrapper : Using TestExecutionListeners: [org.springframework.test.context.web.ServletTestExecutionListener@547e2ed3, org.springframework.test.context.support.DirtiesContextBeforeModesTestExecutionListener@5213b23f, org.springframework.boot.test.mock.mockito.MockitoTestExecutionListener@3b1aed2f, org.springframework.boot.test.autoconfigure.SpringBootDependencyInjectionTestExecutionListener@64f660ab, org.springframework.test.context.support.DirtiesContextTestExecutionListener@41dbc250, org.springframework.test.context.transaction.TransactionalTestExecutionListener@e96121e, org.springframework.test.context.jdbc.SqlScriptsTestExecutionListener@6209f576, org.springframework.security.test.context.support.WithSecurityContextTestExecutionListener@35ad22a4, org.springframework.security.test.context.support.ReactorContextTestExecutionListener@2a7bbf03, org.springframework.boot.test.autoconfigure.restdocs.RestDocsTestExecutionListener@14c34eb0, org.springframework.boot.test.autoconfigure.web.client.MockRestServiceServerResetTestExecutionListener@39ccab1b, org.springframework.boot.test.autoconfigure.web.servlet.MockMvcPrintOnlyOnFailureTestExecutionListener@65a80684, org.springframework.boot.test.autoconfigure.web.servlet.WebDriverTestExecutionListener@125c2e95, org.springframework.boot.test.mock.mockito.ResetMocksTestExecutionListener@1ce454a0]

  .   ____          _            __ _ _
 /\\ / ___'_ __ _ _(_)_ __  __ _ \ \ \ \
( ( )\___ | '_ | '_| | '_ \/ _` | \ \ \ \
 \\/  ___)| |_)| | | | | || (_| |  ) ) ) )
  '  |____| .__|_| |_|_| |_\__, | / / / /
 =========|_|==============|___/=/_/_/_/
 :: Spring Boot ::        (v2.1.7.RELEASE)

2023-02-06 13:16:31.380  INFO 19216 --- [    Test worker] c.h.springboot.web.IndexControllerTest   : Starting IndexControllerTest on DESKTOP-KE9KIUK with PID 19216 (started by USER in C:\Users\USER\Documents\springboot-webservice)
2023-02-06 13:16:31.380  INFO 19216 --- [    Test worker] c.h.springboot.web.IndexControllerTest   : No active profile set, falling back to default profiles: default
2023-02-06 13:16:31.576  INFO 19216 --- [    Test worker] .s.d.r.c.RepositoryConfigurationDelegate : Bootstrapping Spring Data repositories in DEFAULT mode.
2023-02-06 13:16:31.602  INFO 19216 --- [    Test worker] .s.d.r.c.RepositoryConfigurationDelegate : Finished Spring Data repository scanning in 26ms. Found 2 repository interfaces.
2023-02-06 13:16:31.694  INFO 19216 --- [    Test worker] trationDelegate$BeanPostProcessorChecker : Bean 'org.springframework.transaction.annotation.ProxyTransactionManagementConfiguration' of type [org.springframework.transaction.annotation.ProxyTransactionManagementConfiguration$$EnhancerBySpringCGLIB$$acad4df6] is not eligible for getting processed by all BeanPostProcessors (for example: not eligible for auto-proxying)
2023-02-06 13:16:31.924  INFO 19216 --- [    Test worker] o.s.b.w.embedded.tomcat.TomcatWebServer  : Tomcat initialized with port(s): 0 (http)
2023-02-06 13:16:31.958  INFO 19216 --- [    Test worker] o.apache.catalina.core.StandardService   : Starting service [Tomcat]
2023-02-06 13:16:31.958  INFO 19216 --- [    Test worker] org.apache.catalina.core.StandardEngine  : Starting Servlet engine: [Apache Tomcat/9.0.22]
2023-02-06 13:16:32.129  INFO 19216 --- [    Test worker] o.a.c.c.C.[Tomcat].[localhost].[/]       : Initializing Spring embedded WebApplicationContext
2023-02-06 13:16:32.129  INFO 19216 --- [    Test worker] o.s.web.context.ContextLoader            : Root WebApplicationContext: initialization completed in 746 ms
2023-02-06 13:16:32.289  INFO 19216 --- [    Test worker] com.zaxxer.hikari.HikariDataSource       : HikariPool-2 - Starting...
2023-02-06 13:16:32.290  INFO 19216 --- [    Test worker] com.zaxxer.hikari.HikariDataSource       : HikariPool-2 - Start completed.
2023-02-06 13:16:32.324  INFO 19216 --- [    Test worker] o.hibernate.jpa.internal.util.LogHelper  : HHH000204: Processing PersistenceUnitInfo [
	name: default
	...]
2023-02-06 13:16:32.336  INFO 19216 --- [    Test worker] org.hibernate.dialect.Dialect            : HHH000400: Using dialect: org.hibernate.dialect.MySQL5InnoDBDialect
Hibernate: drop table if exists posts
Hibernate: drop table if exists user
Hibernate: create table posts (id bigint not null auto_increment, create_date datetime, modified_date datetime, author varchar(255), content TEXT not null, title varchar(500) not null, primary key (id)) engine=InnoDB
Hibernate: create table user (id bigint not null auto_increment, create_date datetime, modified_date datetime, email varchar(255) not null, name varchar(255) not null, picture varchar(255), role varchar(255) not null, primary key (id)) engine=InnoDB
2023-02-06 13:16:32.387  INFO 19216 --- [    Test worker] o.h.t.schema.internal.SchemaCreatorImpl  : HHH000476: Executing import script 'org.hibernate.tool.schema.internal.exec.ScriptSourceInputNonExistentImpl@6271f2b8'
2023-02-06 13:16:32.388  INFO 19216 --- [    Test worker] j.LocalContainerEntityManagerFactoryBean : Initialized JPA EntityManagerFactory for persistence unit 'default'
2023-02-06 13:16:32.651  INFO 19216 --- [    Test worker] o.h.h.i.QueryTranslatorFactoryInitiator  : HHH000397: Using ASTQueryTranslatorFactory
2023-02-06 13:16:32.777  INFO 19216 --- [    Test worker] o.s.s.web.DefaultSecurityFilterChain     : Creating filter chain: any request, [org.springframework.security.web.context.request.async.WebAsyncManagerIntegrationFilter@16a0c56c, org.springframework.security.web.context.SecurityContextPersistenceFilter@58a904e4, org.springframework.security.web.header.HeaderWriterFilter@3d31e449, org.springframework.security.web.authentication.logout.LogoutFilter@514d0929, org.springframework.security.oauth2.client.web.OAuth2AuthorizationRequestRedirectFilter@5c5e73ce, org.springframework.security.oauth2.client.web.OAuth2LoginAuthenticationFilter@5c05e118, org.springframework.security.web.authentication.ui.DefaultLoginPageGeneratingFilter@41d3bbd3, org.springframework.security.web.authentication.ui.DefaultLogoutPageGeneratingFilter@64725985, org.springframework.security.web.savedrequest.RequestCacheAwareFilter@4200e26e, org.springframework.security.web.servletapi.SecurityContextHolderAwareRequestFilter@70a155cb, org.springframework.security.web.authentication.AnonymousAuthenticationFilter@4b1d96c6, org.springframework.security.web.session.SessionManagementFilter@431e4bbf, org.springframework.security.web.access.ExceptionTranslationFilter@300556c1, org.springframework.security.web.access.intercept.FilterSecurityInterceptor@53943693]
2023-02-06 13:16:32.937  INFO 19216 --- [    Test worker] o.s.s.concurrent.ThreadPoolTaskExecutor  : Initializing ExecutorService 'applicationTaskExecutor'
2023-02-06 13:16:32.951  WARN 19216 --- [    Test worker] aWebConfiguration$JpaWebMvcConfiguration : spring.jpa.open-in-view is enabled by default. Therefore, database queries may be performed during view rendering. Explicitly configure spring.jpa.open-in-view to disable this warning
2023-02-06 13:16:32.975  INFO 19216 --- [    Test worker] o.s.b.a.w.s.WelcomePageHandlerMapping    : Adding welcome page template: index
2023-02-06 13:16:33.192  INFO 19216 --- [    Test worker] s.a.ScheduledAnnotationBeanPostProcessor : No TaskScheduler/ScheduledExecutorService bean found for scheduled processing
2023-02-06 13:16:33.213  INFO 19216 --- [    Test worker] o.s.b.w.embedded.tomcat.TomcatWebServer  : Tomcat started on port(s): 11858 (http) with context path ''
2023-02-06 13:16:33.214  INFO 19216 --- [    Test worker] c.h.springboot.web.IndexControllerTest   : Started IndexControllerTest in 1.859 seconds (JVM running for 10.609)
2023-02-06 13:16:33.309  INFO 19216 --- [o-auto-1-exec-1] o.a.c.c.C.[Tomcat].[localhost].[/]       : Initializing Spring DispatcherServlet 'dispatcherServlet'
2023-02-06 13:16:33.310  INFO 19216 --- [o-auto-1-exec-1] o.s.web.servlet.DispatcherServlet        : Initializing Servlet 'dispatcherServlet'
2023-02-06 13:16:33.324  INFO 19216 --- [o-auto-1-exec-1] o.s.web.servlet.DispatcherServlet        : Completed initialization in 14 ms
Hibernate: select posts0_.id as id1_0_, posts0_.create_date as create_d2_0_, posts0_.modified_date as modified3_0_, posts0_.author as author4_0_, posts0_.content as content5_0_, posts0_.title as title6_0_ from posts posts0_ order by posts0_.id DESC
]]></system-out>
  <system-err><![CDATA[]]></system-err>
</testsuite>
