<?xml version="1.0" encoding="UTF-8"?>
<testsuite name="com.hyunho.springboot.web.HelloControllerTest" tests="2" skipped="0" failures="0" errors="0" timestamp="2023-02-06T04:16:26" hostname="DESKTOP-KE9KIUK" time="0.452">
  <properties/>
  <testcase name="hello가_리턴된다" classname="com.hyunho.springboot.web.HelloControllerTest" time="0.387"/>
  <testcase name="helloDto가_리턴된다" classname="com.hyunho.springboot.web.HelloControllerTest" time="0.064"/>
  <system-out><![CDATA[13:16:23.763 [Test worker] DEBUG org.springframework.test.context.junit4.SpringJUnit4ClassRunner - SpringJUnit4ClassRunner constructor called with [class com.hyunho.springboot.web.HelloControllerTest]
13:16:23.777 [Test worker] DEBUG org.springframework.test.context.BootstrapUtils - Instantiating CacheAwareContextLoaderDelegate from class [org.springframework.test.context.cache.DefaultCacheAwareContextLoaderDelegate]
13:16:23.788 [Test worker] DEBUG org.springframework.test.context.BootstrapUtils - Instantiating BootstrapContext using constructor [public org.springframework.test.context.support.DefaultBootstrapContext(java.lang.Class,org.springframework.test.context.CacheAwareContextLoaderDelegate)]
13:16:23.808 [Test worker] DEBUG org.springframework.test.context.BootstrapUtils - Instantiating TestContextBootstrapper for test class [com.hyunho.springboot.web.HelloControllerTest] from class [org.springframework.boot.test.autoconfigure.web.servlet.WebMvcTestContextBootstrapper]
13:16:23.832 [Test worker] INFO org.springframework.boot.test.autoconfigure.web.servlet.WebMvcTestContextBootstrapper - Neither @ContextConfiguration nor @ContextHierarchy found for test class [com.hyunho.springboot.web.HelloControllerTest], using SpringBootContextLoader
13:16:23.836 [Test worker] DEBUG org.springframework.test.context.support.AbstractContextLoader - Did not detect default resource location for test class [com.hyunho.springboot.web.HelloControllerTest]: class path resource [com/hyunho/springboot/web/HelloControllerTest-context.xml] does not exist
13:16:23.836 [Test worker] DEBUG org.springframework.test.context.support.AbstractContextLoader - Did not detect default resource location for test class [com.hyunho.springboot.web.HelloControllerTest]: class path resource [com/hyunho/springboot/web/HelloControllerTestContext.groovy] does not exist
13:16:23.837 [Test worker] INFO org.springframework.test.context.support.AbstractContextLoader - Could not detect default resource locations for test class [com.hyunho.springboot.web.HelloControllerTest]: no resource found for suffixes {-context.xml, Context.groovy}.
13:16:23.838 [Test worker] INFO org.springframework.test.context.support.AnnotationConfigContextLoaderUtils - Could not detect default configuration classes for test class [com.hyunho.springboot.web.HelloControllerTest]: HelloControllerTest does not declare any static, non-private, non-final, nested classes annotated with @Configuration.
13:16:23.926 [Test worker] DEBUG org.springframework.test.context.support.ActiveProfilesUtils - Could not find an 'annotation declaring class' for annotation type [org.springframework.test.context.ActiveProfiles] and class [com.hyunho.springboot.web.HelloControllerTest]
13:16:24.011 [Test worker] DEBUG org.springframework.context.annotation.ClassPathScanningCandidateComponentProvider - Identified candidate component class: file [C:\Users\USER\Documents\springboot-webservice\build\classes\java\main\com\hyunho\springboot\Application.class]
13:16:24.013 [Test worker] INFO org.springframework.boot.test.context.SpringBootTestContextBootstrapper - Found @SpringBootConfiguration com.hyunho.springboot.Application for test class com.hyunho.springboot.web.HelloControllerTest
13:16:24.015 [Test worker] DEBUG org.springframework.boot.test.autoconfigure.web.servlet.WebMvcTestContextBootstrapper - @TestExecutionListeners is not present for class [com.hyunho.springboot.web.HelloControllerTest]: using defaults.
13:16:24.017 [Test worker] INFO org.springframework.boot.test.autoconfigure.web.servlet.WebMvcTestContextBootstrapper - Loaded default TestExecutionListener class names from location [META-INF/spring.factories]: [org.springframework.security.test.context.support.WithSecurityContextTestExecutionListener, org.springframework.security.test.context.support.ReactorContextTestExecutionListener, org.springframework.boot.test.autoconfigure.restdocs.RestDocsTestExecutionListener, org.springframework.boot.test.autoconfigure.web.client.MockRestServiceServerResetTestExecutionListener, org.springframework.boot.test.autoconfigure.web.servlet.MockMvcPrintOnlyOnFailureTestExecutionListener, org.springframework.boot.test.autoconfigure.web.servlet.WebDriverTestExecutionListener, org.springframework.boot.test.mock.mockito.MockitoTestExecutionListener, org.springframework.boot.test.mock.mockito.ResetMocksTestExecutionListener, org.springframework.test.context.web.ServletTestExecutionListener, org.springframework.test.context.support.DirtiesContextBeforeModesTestExecutionListener, org.springframework.test.context.support.DependencyInjectionTestExecutionListener, org.springframework.test.context.support.DirtiesContextTestExecutionListener, org.springframework.test.context.transaction.TransactionalTestExecutionListener, org.springframework.test.context.jdbc.SqlScriptsTestExecutionListener]
13:16:24.039 [Test worker] INFO org.springframework.boot.test.autoconfigure.web.servlet.WebMvcTestContextBootstrapper - Using TestExecutionListeners: [org.springframework.test.context.web.ServletTestExecutionListener@57afb8ec, org.springframework.test.context.support.DirtiesContextBeforeModesTestExecutionListener@142fbc3a, org.springframework.boot.test.mock.mockito.MockitoTestExecutionListener@446d407f, org.springframework.boot.test.autoconfigure.SpringBootDependencyInjectionTestExecutionListener@350957a4, org.springframework.test.context.support.DirtiesContextTestExecutionListener@1f4be131, org.springframework.test.context.transaction.TransactionalTestExecutionListener@766c408e, org.springframework.test.context.jdbc.SqlScriptsTestExecutionListener@582c8884, org.springframework.security.test.context.support.WithSecurityContextTestExecutionListener@27e75052, org.springframework.security.test.context.support.ReactorContextTestExecutionListener@67e56ff6, org.springframework.boot.test.autoconfigure.restdocs.RestDocsTestExecutionListener@73192bb4, org.springframework.boot.test.autoconfigure.web.client.MockRestServiceServerResetTestExecutionListener@4fcde5fb, org.springframework.boot.test.autoconfigure.web.servlet.MockMvcPrintOnlyOnFailureTestExecutionListener@52355990, org.springframework.boot.test.autoconfigure.web.servlet.WebDriverTestExecutionListener@1e6316ff, org.springframework.boot.test.mock.mockito.ResetMocksTestExecutionListener@249dca0c]
13:16:24.042 [Test worker] DEBUG org.springframework.test.annotation.ProfileValueUtils - Retrieved @ProfileValueSourceConfiguration [null] for test class [com.hyunho.springboot.web.HelloControllerTest]
13:16:24.042 [Test worker] DEBUG org.springframework.test.annotation.ProfileValueUtils - Retrieved ProfileValueSource type [class org.springframework.test.annotation.SystemProfileValueSource] for class [com.hyunho.springboot.web.HelloControllerTest]
13:16:24.043 [Test worker] DEBUG org.springframework.test.annotation.ProfileValueUtils - Retrieved @ProfileValueSourceConfiguration [null] for test class [com.hyunho.springboot.web.HelloControllerTest]
13:16:24.043 [Test worker] DEBUG org.springframework.test.annotation.ProfileValueUtils - Retrieved ProfileValueSource type [class org.springframework.test.annotation.SystemProfileValueSource] for class [com.hyunho.springboot.web.HelloControllerTest]
13:16:24.049 [Test worker] DEBUG org.springframework.test.context.support.AbstractDirtiesContextTestExecutionListener - Before test class: context [DefaultTestContext@735f70d4 testClass = HelloControllerTest, testInstance = [null], testMethod = [null], testException = [null], mergedContextConfiguration = [WebMergedContextConfiguration@5f9b7bfb testClass = HelloControllerTest, locations = '{}', classes = '{class com.hyunho.springboot.Application}', contextInitializerClasses = '[]', activeProfiles = '{}', propertySourceLocations = '{}', propertySourceProperties = '{org.springframework.boot.test.autoconfigure.web.servlet.WebMvcTestContextBootstrapper=true}', contextCustomizers = set[org.springframework.boot.test.autoconfigure.OverrideAutoConfigurationContextCustomizerFactory$DisableAutoConfigurationContextCustomizer@4bc80884, org.springframework.boot.test.autoconfigure.filter.TypeExcludeFiltersContextCustomizer@f3b4b139, org.springframework.boot.test.autoconfigure.properties.PropertyMappingContextCustomizer@da379d06, org.springframework.boot.test.autoconfigure.web.servlet.WebDriverContextCustomizerFactory$Customizer@72de6d15, [ImportsContextCustomizer@78d922aa key = [org.springframework.boot.autoconfigure.cache.CacheAutoConfiguration, org.springframework.boot.autoconfigure.context.MessageSourceAutoConfiguration, org.springframework.boot.autoconfigure.data.web.SpringDataWebAutoConfiguration, org.springframework.boot.autoconfigure.freemarker.FreeMarkerAutoConfiguration, org.springframework.boot.autoconfigure.groovy.template.GroovyTemplateAutoConfiguration, org.springframework.boot.autoconfigure.gson.GsonAutoConfiguration, org.springframework.boot.autoconfigure.hateoas.HypermediaAutoConfiguration, org.springframework.boot.autoconfigure.http.HttpMessageConvertersAutoConfiguration, org.springframework.boot.autoconfigure.jackson.JacksonAutoConfiguration, org.springframework.boot.autoconfigure.jsonb.JsonbAutoConfiguration, org.springframework.boot.autoconfigure.mustache.MustacheAutoConfiguration, org.springframework.boot.autoconfigure.task.TaskExecutionAutoConfiguration, org.springframework.boot.autoconfigure.thymeleaf.ThymeleafAutoConfiguration, org.springframework.boot.autoconfigure.validation.ValidationAutoConfiguration, org.springframework.boot.autoconfigure.web.servlet.error.ErrorMvcAutoConfiguration, org.springframework.boot.autoconfigure.web.servlet.WebMvcAutoConfiguration, org.springframework.boot.test.autoconfigure.web.servlet.MockMvcAutoConfiguration, org.springframework.boot.test.autoconfigure.web.servlet.MockMvcSecurityAutoConfiguration, org.springframework.boot.test.autoconfigure.web.servlet.MockMvcWebClientAutoConfiguration, org.springframework.boot.test.autoconfigure.web.servlet.MockMvcWebDriverAutoConfiguration]], org.springframework.boot.test.context.filter.ExcludeFilterContextCustomizer@37060ac0, org.springframework.boot.test.json.DuplicateJsonObjectContextCustomizerFactory$DuplicateJsonObjectContextCustomizer@313a0a43, org.springframework.boot.test.mock.mockito.MockitoContextCustomizer@0], resourceBasePath = 'src/main/webapp', contextLoader = 'org.springframework.boot.test.context.SpringBootContextLoader', parent = [null]], attributes = map[[empty]]], class annotated with @DirtiesContext [false] with mode [null].
13:16:24.050 [Test worker] DEBUG org.springframework.test.annotation.ProfileValueUtils - Retrieved @ProfileValueSourceConfiguration [null] for test class [com.hyunho.springboot.web.HelloControllerTest]
13:16:24.050 [Test worker] DEBUG org.springframework.test.annotation.ProfileValueUtils - Retrieved ProfileValueSource type [class org.springframework.test.annotation.SystemProfileValueSource] for class [com.hyunho.springboot.web.HelloControllerTest]
13:16:24.054 [Test worker] DEBUG org.springframework.test.context.support.DependencyInjectionTestExecutionListener - Performing dependency injection for test context [[DefaultTestContext@735f70d4 testClass = HelloControllerTest, testInstance = com.hyunho.springboot.web.HelloControllerTest@410ea2f9, testMethod = [null], testException = [null], mergedContextConfiguration = [WebMergedContextConfiguration@5f9b7bfb testClass = HelloControllerTest, locations = '{}', classes = '{class com.hyunho.springboot.Application}', contextInitializerClasses = '[]', activeProfiles = '{}', propertySourceLocations = '{}', propertySourceProperties = '{org.springframework.boot.test.autoconfigure.web.servlet.WebMvcTestContextBootstrapper=true}', contextCustomizers = set[org.springframework.boot.test.autoconfigure.OverrideAutoConfigurationContextCustomizerFactory$DisableAutoConfigurationContextCustomizer@4bc80884, org.springframework.boot.test.autoconfigure.filter.TypeExcludeFiltersContextCustomizer@f3b4b139, org.springframework.boot.test.autoconfigure.properties.PropertyMappingContextCustomizer@da379d06, org.springframework.boot.test.autoconfigure.web.servlet.WebDriverContextCustomizerFactory$Customizer@72de6d15, [ImportsContextCustomizer@78d922aa key = [org.springframework.boot.autoconfigure.cache.CacheAutoConfiguration, org.springframework.boot.autoconfigure.context.MessageSourceAutoConfiguration, org.springframework.boot.autoconfigure.data.web.SpringDataWebAutoConfiguration, org.springframework.boot.autoconfigure.freemarker.FreeMarkerAutoConfiguration, org.springframework.boot.autoconfigure.groovy.template.GroovyTemplateAutoConfiguration, org.springframework.boot.autoconfigure.gson.GsonAutoConfiguration, org.springframework.boot.autoconfigure.hateoas.HypermediaAutoConfiguration, org.springframework.boot.autoconfigure.http.HttpMessageConvertersAutoConfiguration, org.springframework.boot.autoconfigure.jackson.JacksonAutoConfiguration, org.springframework.boot.autoconfigure.jsonb.JsonbAutoConfiguration, org.springframework.boot.autoconfigure.mustache.MustacheAutoConfiguration, org.springframework.boot.autoconfigure.task.TaskExecutionAutoConfiguration, org.springframework.boot.autoconfigure.thymeleaf.ThymeleafAutoConfiguration, org.springframework.boot.autoconfigure.validation.ValidationAutoConfiguration, org.springframework.boot.autoconfigure.web.servlet.error.ErrorMvcAutoConfiguration, org.springframework.boot.autoconfigure.web.servlet.WebMvcAutoConfiguration, org.springframework.boot.test.autoconfigure.web.servlet.MockMvcAutoConfiguration, org.springframework.boot.test.autoconfigure.web.servlet.MockMvcSecurityAutoConfiguration, org.springframework.boot.test.autoconfigure.web.servlet.MockMvcWebClientAutoConfiguration, org.springframework.boot.test.autoconfigure.web.servlet.MockMvcWebDriverAutoConfiguration]], org.springframework.boot.test.context.filter.ExcludeFilterContextCustomizer@37060ac0, org.springframework.boot.test.json.DuplicateJsonObjectContextCustomizerFactory$DuplicateJsonObjectContextCustomizer@313a0a43, org.springframework.boot.test.mock.mockito.MockitoContextCustomizer@0], resourceBasePath = 'src/main/webapp', contextLoader = 'org.springframework.boot.test.context.SpringBootContextLoader', parent = [null]], attributes = map[[empty]]]].
13:16:24.174 [Test worker] DEBUG org.springframework.test.context.support.TestPropertySourceUtils - Adding inlined properties to environment: {spring.jmx.enabled=false, org.springframework.boot.test.autoconfigure.web.servlet.WebMvcTestContextBootstrapper=true, server.port=-1}

  .   ____          _            __ _ _
 /\\ / ___'_ __ _ _(_)_ __  __ _ \ \ \ \
( ( )\___ | '_ | '_| | '_ \/ _` | \ \ \ \
 \\/  ___)| |_)| | | | | || (_| |  ) ) ) )
  '  |____| .__|_| |_|_| |_\__, | / / / /
 =========|_|==============|___/=/_/_/_/
 :: Spring Boot ::        (v2.1.7.RELEASE)

2023-02-06 13:16:24.504  INFO 19216 --- [    Test worker] c.h.springboot.web.HelloControllerTest   : Starting HelloControllerTest on DESKTOP-KE9KIUK with PID 19216 (started by USER in C:\Users\USER\Documents\springboot-webservice)
2023-02-06 13:16:24.506  INFO 19216 --- [    Test worker] c.h.springboot.web.HelloControllerTest   : No active profile set, falling back to default profiles: default
2023-02-06 13:16:25.904  INFO 19216 --- [    Test worker] o.s.s.concurrent.ThreadPoolTaskExecutor  : Initializing ExecutorService 'applicationTaskExecutor'
2023-02-06 13:16:26.006  INFO 19216 --- [    Test worker] o.s.b.a.w.s.WelcomePageHandlerMapping    : Adding welcome page template: index
2023-02-06 13:16:26.354  INFO 19216 --- [    Test worker] .s.s.UserDetailsServiceAutoConfiguration : 

Using generated security password: c770e201-b90c-41bc-96ae-999f60fd1213

2023-02-06 13:16:26.612  INFO 19216 --- [    Test worker] o.s.s.web.DefaultSecurityFilterChain     : Creating filter chain: any request, [org.springframework.security.web.context.request.async.WebAsyncManagerIntegrationFilter@7119bc80, org.springframework.security.web.context.SecurityContextPersistenceFilter@23237ce3, org.springframework.security.web.header.HeaderWriterFilter@7120d522, org.springframework.security.web.csrf.CsrfFilter@10a48e21, org.springframework.security.web.authentication.logout.LogoutFilter@57169b9f, org.springframework.security.web.authentication.UsernamePasswordAuthenticationFilter@33917916, org.springframework.security.web.authentication.ui.DefaultLoginPageGeneratingFilter@57748d2c, org.springframework.security.web.authentication.ui.DefaultLogoutPageGeneratingFilter@5f7e1671, org.springframework.security.web.authentication.www.BasicAuthenticationFilter@1314d811, org.springframework.security.web.savedrequest.RequestCacheAwareFilter@13be8529, org.springframework.security.web.servletapi.SecurityContextHolderAwareRequestFilter@3d791c4c, org.springframework.security.web.authentication.AnonymousAuthenticationFilter@48c9b9a8, org.springframework.security.web.session.SessionManagementFilter@70a2f311, org.springframework.security.web.access.ExceptionTranslationFilter@60463b38, org.springframework.security.web.access.intercept.FilterSecurityInterceptor@60784134]
2023-02-06 13:16:26.656  INFO 19216 --- [    Test worker] o.s.b.t.m.w.SpringBootMockServletContext : Initializing Spring TestDispatcherServlet ''
2023-02-06 13:16:26.656  INFO 19216 --- [    Test worker] o.s.t.web.servlet.TestDispatcherServlet  : Initializing Servlet ''
2023-02-06 13:16:26.669  INFO 19216 --- [    Test worker] o.s.t.web.servlet.TestDispatcherServlet  : Completed initialization in 13 ms
2023-02-06 13:16:26.715  INFO 19216 --- [    Test worker] c.h.springboot.web.HelloControllerTest   : Started HelloControllerTest in 2.53 seconds (JVM running for 4.111)
]]></system-out>
  <system-err><![CDATA[]]></system-err>
</testsuite>
